<?xml version="1.0" encoding="UTF-8"?>
<!-- Generated by org.testng.reporters.JUnitXMLReporter -->
<testsuite hostname="Raghunaths-MacBook-Pro.local" name="Test" tests="2" failures="1" timestamp="9 Mar 2020 03:07:18 GMT" time="17.736" errors="0">
  <testcase name="goToWebSite" time="2.741" classname="Ninja_Register.NewTest"/>
  <testcase name="selectCurrency" time="0.065" classname="testCases.ShoppingTestCase">
    <failure type="org.openqa.selenium.support.ui.UnexpectedTagNameException" message="Element should have been &amp;quot;select&amp;quot; but was &amp;quot;ul&amp;quot;
Build info: version: &amp;apos;3.141.59&amp;apos;, revision: &amp;apos;e82be7d358&amp;apos;, time: &amp;apos;2018-11-14T08:17:03&amp;apos;
System info: host: &amp;apos;Raghunaths-MacBook-Pro.local&amp;apos;, ip: &amp;apos;fe80:0:0:0:1898:f2a1:52a7:91ec%en0&amp;apos;, os.name: &amp;apos;Mac OS X&amp;apos;, os.arch: &amp;apos;x86_64&amp;apos;, os.version: &amp;apos;10.15.3&amp;apos;, java.version: &amp;apos;1.8.0_60&amp;apos;
Driver info: driver.version: unknown">
      <![CDATA[org.openqa.selenium.support.ui.UnexpectedTagNameException: Element should have been "select" but was "ul"
Build info: version: '3.141.59', revision: 'e82be7d358', time: '2018-11-14T08:17:03'
System info: host: 'Raghunaths-MacBook-Pro.local', ip: 'fe80:0:0:0:1898:f2a1:52a7:91ec%en0', os.name: 'Mac OS X', os.arch: 'x86_64', os.version: '10.15.3', java.version: '1.8.0_60'
Driver info: driver.version: unknown
	at org.openqa.selenium.support.ui.Select.<init>(Select.java:48)
	at PageFactory.HomePage.selectCurrency(HomePage.java:37)
	at testCases.ShoppingTestCase.selectCurrency(ShoppingTestCase.java:34)
... Removed 24 stack frames]]>
    </failure>
  </testcase> <!-- selectCurrency -->
</testsuite> <!-- Test -->
