<?xml version="1.0" encoding="UTF-8"?>
<!-- Generated by org.testng.reporters.JUnitXMLReporter -->
<testsuite hostname="Raghunaths-MacBook-Pro.local" ignored="0" name="Test" tests="3" failures="1" timestamp="08 Mar 2020 05:01:54 GMT" time="0.087" errors="0">
  <testcase name="loginFailTest" time="0.021" classname="testcases.testcase2">
    <failure type="java.lang.AssertionError">
      <![CDATA[java.lang.AssertionError: 
at testcases.testcase2.loginFailTest(testcase2.java:19)
... Removed 27 stack frames]]>
    </failure>
  </testcase> <!-- loginFailTest -->
  <testcase name="loginPassTest" time="0.002" classname="testcases.testcase2"/>
  <testcase name="loginSkipTest" time="0.003" classname="testcases.testcase2">
    <skipped/>
  </testcase> <!-- loginSkipTest -->
</testsuite> <!-- Test -->
